<?xml version="1.0" encoding="UTF-8"?>
<!-- Generated by org.testng.reporters.JUnitReportReporter -->
<testsuite hostname="KASHISH_0987" failures="0" tests="2" name="capstoneSIT.mainTest.App" time="44.599" errors="0" timestamp="2023-04-16T17:54:06 EDT" skipped="0">
  <testcase classname="capstoneSIT.mainTest.App" name="loginFailed" time="2.169"/>
  <system-out/>
  <testcase classname="capstoneSIT.mainTest.App" name="login" time="42.430"/>
  <system-out/>
</testsuite> <!-- capstoneSIT.mainTest.App -->
