<?xml version="1.0" encoding="UTF-8"?>
<!-- Generated by org.testng.reporters.JUnitReportReporter -->
<testsuite hostname="KASHISH_0987" failures="0" tests="1" name="capstoneSIT.mainTest.App" time="6.646" errors="0" timestamp="2023-03-18T16:19:06 EDT" skipped="0">
  <testcase classname="capstoneSIT.mainTest.App" name="login" time="6.646"/>
  <system-out/>
</testsuite> <!-- capstoneSIT.mainTest.App -->
